<?xml version="1.0" encoding="UTF-8"?>
<testsuite xmlns:xsi="http://www.w3.org/2001/XMLSchema-instance" xsi:noNamespaceSchemaLocation="https://maven.apache.org/surefire/maven-surefire-plugin/xsd/surefire-test-report.xsd" version="3.0.2" name="io.mars.lite.api.order.OrderControllerE2ETest" time="4.348" tests="5" errors="0" skipped="0" failures="0">
  <properties>
[...]
</properties>
  <testcase name="shouldReturn400WhenCustomerIdIsNull" classname="io.mars.lite.api.order.OrderControllerE2ETest" time="0.459">
    <system-out><![CDATA[03:54:10.578 [main] INFO org.springframework.test.context.support.AnnotationConfigContextLoaderUtils -- Could not detect default configuration classes for test class [io.mars.lite.api.order.OrderControllerE2ETest]: OrderControllerE2ETest does not declare any static, non-private, non-final, nested classes annotated with @Configuration.
03:54:10.631 [main] INFO org.springframework.boot.test.context.SpringBootTestContextBootstrapper -- Found @SpringBootConfiguration io.mars.lite.Application for test class io.mars.lite.api.order.OrderControllerE2ETest
03:54:10.674 [main] INFO org.testcontainers.images.PullPolicy -- Image pull policy will be performed by: DefaultPullPolicy()
03:54:10.674 [main] INFO org.testcontainers.utility.ImageNameSubstitutor -- Image name substitution will be performed by: DefaultImageNameSubstitutor (composite of 'ConfigurationFileImageNameSubstitutor' and 'PrefixingImageNameSubstitutor')
03:54:10.682 [main] INFO org.testcontainers.DockerClientFactory -- Testcontainers version: 2.0.3
03:54:10.919 [main] INFO org.testcontainers.dockerclient.DockerClientProviderStrategy -- Found Docker environment with Environment variables, system properties and defaults. Resolved dockerHost=unix:///var/run/docker.sock
03:54:10.919 [main] INFO org.testcontainers.DockerClientFactory -- Docker host IP address is localhost
03:54:10.929 [main] INFO org.testcontainers.DockerClientFactory -- Connected to docker: 
  Server Version: 29.2.1
  API Version: 1.53
  Operating System: Docker Desktop
  Total Memory: 7836 MB
  Labels: 
    com.docker.desktop.address=unix:///Users/mac/Library/Containers/com.docker.docker/Data/docker-cli.sock
03:54:11.053 [main] INFO tc.testcontainers/ryuk:0.13.0 -- Creating container for image: testcontainers/ryuk:0.13.0
03:54:11.188 [main] INFO tc.testcontainers/ryuk:0.13.0 -- Container testcontainers/ryuk:0.13.0 is starting: a1b245f6d5f028ee2b8e8c0c4567fec26ab4305c0d5dd314127cc205e477c920
03:54:11.318 [main] INFO tc.testcontainers/ryuk:0.13.0 -- Container testcontainers/ryuk:0.13.0 started in PT0.26457S
03:54:11.320 [main] INFO org.testcontainers.utility.RyukResourceReaper -- Ryuk started - will monitor and terminate Testcontainers containers on JVM exit
03:54:11.321 [main] INFO org.testcontainers.DockerClientFactory -- Checking the system...
03:54:11.321 [main] INFO org.testcontainers.DockerClientFactory -- ✔︎ Docker server version should be at least 1.6.0
03:54:11.321 [main] INFO tc.postgres:16-alpine -- Creating container for image: postgres:16-alpine
03:54:11.346 [main] INFO tc.postgres:16-alpine -- Container postgres:16-alpine is starting: 70ca33060c7c555e3658d7cb11b349cb1ef08ad167ec54b13b64b4b3b844ba0f
03:54:12.010 [main] INFO tc.postgres:16-alpine -- Container postgres:16-alpine started in PT0.689436S
03:54:12.011 [main] INFO tc.postgres:16-alpine -- Container is started (JDBC URL: jdbc:postgresql://localhost:53833/orders_db?loggerLevel=OFF)
2026-02-22T03:54:12.151Z  INFO 72634 --- [mars-enterprise-kit-lite] [           main] i.m.l.api.order.OrderControllerE2ETest   : Starting OrderControllerE2ETest using Java 25.0.1 with PID 72634 (started by mac in /Users/mac/Projects/mars-enterprise-kit-lite/app)
2026-02-22T03:54:12.152Z  INFO 72634 --- [mars-enterprise-kit-lite] [           main] i.m.l.api.order.OrderControllerE2ETest   : No active profile set, falling back to 1 default profile: "default"
2026-02-22T03:54:12.456Z  INFO 72634 --- [mars-enterprise-kit-lite] [           main] .s.d.r.c.RepositoryConfigurationDelegate : Bootstrapping Spring Data JPA repositories in DEFAULT mode.
2026-02-22T03:54:12.474Z  INFO 72634 --- [mars-enterprise-kit-lite] [           main] .s.d.r.c.RepositoryConfigurationDelegate : Finished Spring Data repository scanning in 14 ms. Found 1 JPA repository interface.
2026-02-22T03:54:13.026Z  INFO 72634 --- [mars-enterprise-kit-lite] [           main] o.s.boot.tomcat.TomcatWebServer          : Tomcat initialized with port 0 (http)
2026-02-22T03:54:13.031Z  INFO 72634 --- [mars-enterprise-kit-lite] [           main] o.apache.catalina.core.StandardService   : Starting service [Tomcat]
2026-02-22T03:54:13.032Z  INFO 72634 --- [mars-enterprise-kit-lite] [           main] o.apache.catalina.core.StandardEngine    : Starting Servlet engine: [Apache Tomcat/11.0.18]
2026-02-22T03:54:13.046Z  INFO 72634 --- [mars-enterprise-kit-lite] [           main] b.w.c.s.WebApplicationContextInitializer : Root WebApplicationContext: initialization completed in 822 ms
2026-02-22T03:54:13.196Z  INFO 72634 --- [mars-enterprise-kit-lite] [           main] com.zaxxer.hikari.HikariDataSource       : mars-lite - Starting...
2026-02-22T03:54:13.261Z  INFO 72634 --- [mars-enterprise-kit-lite] [           main] com.zaxxer.hikari.pool.HikariPool        : mars-lite - Added connection org.postgresql.jdbc.PgConnection@495c4ce7
2026-02-22T03:54:13.262Z  INFO 72634 --- [mars-enterprise-kit-lite] [           main] com.zaxxer.hikari.HikariDataSource       : mars-lite - Start completed.
2026-02-22T03:54:13.272Z  INFO 72634 --- [mars-enterprise-kit-lite] [           main] org.flywaydb.core.FlywayExecutor         : Database: jdbc:postgresql://localhost:53833/orders_db?loggerLevel=OFF (PostgreSQL 16.11)
2026-02-22T03:54:13.290Z  INFO 72634 --- [mars-enterprise-kit-lite] [           main] o.f.c.i.s.JdbcTableSchemaHistory         : Schema history table "public"."flyway_schema_history" does not exist yet
2026-02-22T03:54:13.291Z  INFO 72634 --- [mars-enterprise-kit-lite] [           main] o.f.core.internal.command.DbValidate     : Successfully validated 1 migration (execution time 00:00.005s)
2026-02-22T03:54:13.301Z  INFO 72634 --- [mars-enterprise-kit-lite] [           main] o.f.c.i.s.JdbcTableSchemaHistory         : Creating Schema History table "public"."flyway_schema_history" ...
2026-02-22T03:54:13.331Z  INFO 72634 --- [mars-enterprise-kit-lite] [           main] o.f.core.internal.command.DbMigrate      : Current version of schema "public": << Empty Schema >>
2026-02-22T03:54:13.333Z  INFO 72634 --- [mars-enterprise-kit-lite] [           main] o.f.core.internal.command.DbMigrate      : Migrating schema "public" to version "1 - create orders table"
2026-02-22T03:54:13.344Z  INFO 72634 --- [mars-enterprise-kit-lite] [           main] o.f.core.internal.command.DbMigrate      : Successfully applied 1 migration to schema "public", now at version v1 (execution time 00:00.005s)
2026-02-22T03:54:13.376Z  INFO 72634 --- [mars-enterprise-kit-lite] [           main] org.hibernate.orm.jpa                    : HHH008540: Processing PersistenceUnitInfo [name: default]
2026-02-22T03:54:13.392Z  INFO 72634 --- [mars-enterprise-kit-lite] [           main] org.hibernate.orm.core                   : HHH000001: Hibernate ORM core version 7.2.4.Final
2026-02-22T03:54:13.475Z  INFO 72634 --- [mars-enterprise-kit-lite] [           main] o.s.o.j.p.SpringPersistenceUnitInfo      : No LoadTimeWeaver setup: ignoring JPA class transformer
2026-02-22T03:54:13.509Z  INFO 72634 --- [mars-enterprise-kit-lite] [           main] org.hibernate.orm.connections.pooling    : HHH10001005: Database info:
	Database JDBC URL [jdbc:postgresql://localhost:53833/orders_db?loggerLevel=OFF]
	Database driver: PostgreSQL JDBC Driver
	Database dialect: PostgreSQLDialect
	Database version: 16.11
	Default catalog/schema: orders_db/public
	Autocommit mode: undefined/unknown
	Isolation level: READ_COMMITTED [default READ_COMMITTED]
	JDBC fetch size: none
	Pool: DataSourceConnectionProvider
	Minimum pool size: undefined/unknown
	Maximum pool size: undefined/unknown
2026-02-22T03:54:13.763Z  INFO 72634 --- [mars-enterprise-kit-lite] [           main] org.hibernate.orm.core                   : HHH000489: No JTA platform available (set 'hibernate.transaction.jta.platform' to enable JTA platform integration)
2026-02-22T03:54:13.784Z  INFO 72634 --- [mars-enterprise-kit-lite] [           main] j.LocalContainerEntityManagerFactoryBean : Initialized JPA EntityManagerFactory for persistence unit 'default'
2026-02-22T03:54:13.811Z  INFO 72634 --- [mars-enterprise-kit-lite] [           main] o.s.d.j.r.query.QueryEnhancerFactories   : Hibernate is in classpath; If applicable, HQL parser will be used.
2026-02-22T03:54:14.053Z  INFO 72634 --- [mars-enterprise-kit-lite] [           main] o.s.b.a.e.web.EndpointLinksResolver      : Exposing 1 endpoint beneath base path '/actuator'
2026-02-22T03:54:14.094Z  INFO 72634 --- [mars-enterprise-kit-lite] [           main] o.s.boot.tomcat.TomcatWebServer          : Tomcat started on port 53838 (http) with context path '/'
2026-02-22T03:54:14.097Z  INFO 72634 --- [mars-enterprise-kit-lite] [           main] i.m.l.api.order.OrderControllerE2ETest   : Started OrderControllerE2ETest in 2.059 seconds (process running for 3.825)
2026-02-22T03:54:14.517Z  INFO 72634 --- [mars-enterprise-kit-lite] [omcat-handler-0] o.a.c.c.C.[Tomcat].[localhost].[/]       : Initializing Spring DispatcherServlet 'dispatcherServlet'
2026-02-22T03:54:14.517Z  INFO 72634 --- [mars-enterprise-kit-lite] [omcat-handler-0] o.s.web.servlet.DispatcherServlet        : Initializing Servlet 'dispatcherServlet'
2026-02-22T03:54:14.518Z  INFO 72634 --- [mars-enterprise-kit-lite] [omcat-handler-0] o.s.web.servlet.DispatcherServlet        : Completed initialization in 1 ms
2026-02-22T03:54:14.551Z  WARN 72634 --- [mars-enterprise-kit-lite] [omcat-handler-0] .w.s.m.s.DefaultHandlerExceptionResolver : Resolved [org.springframework.http.converter.HttpMessageNotReadableException: JSON parse error: Cannot construct instance of `io.mars.lite.api.order.CreateOrderRequest`, problem: customerId cannot be null]
]]></system-out>
    <system-err><![CDATA[Mockito is currently self-attaching to enable the inline-mock-maker. This will no longer work in future releases of the JDK. Please add Mockito as an agent to your build as described in Mockito's documentation: https://javadoc.io/doc/org.mockito/mockito-core/latest/org.mockito/org/mockito/Mockito.html#0.3
WARNING: A Java agent has been loaded dynamically (/Users/mac/.m2/repository/net/bytebuddy/byte-buddy-agent/1.17.8/byte-buddy-agent-1.17.8.jar)
WARNING: If a serviceability tool is in use, please run with -XX:+EnableDynamicAgentLoading to hide this warning
WARNING: If a serviceability tool is not in use, please run with -Djdk.instrument.traceUsage for more information
WARNING: Dynamic loading of agents will be disallowed by default in a future release
]]></system-err>
  </testcase>
  <testcase name="shouldReturn404WhenOrderNotFound" classname="io.mars.lite.api.order.OrderControllerE2ETest" time="0.031"/>
  <testcase name="shouldReturnOrderDetails" classname="io.mars.lite.api.order.OrderControllerE2ETest" time="0.206"/>
  <testcase name="shouldCreateOrderAndReturn201" classname="io.mars.lite.api.order.OrderControllerE2ETest" time="0.025"/>
  <testcase name="shouldReturn400WhenItemsAreEmpty" classname="io.mars.lite.api.order.OrderControllerE2ETest" time="0.012"/>
</testsuite>