<?xml version="1.0" encoding="UTF-8"?>
<testsuite xmlns:xsi="http://www.w3.org/2001/XMLSchema-instance" xsi:noNamespaceSchemaLocation="https://maven.apache.org/surefire/maven-surefire-plugin/xsd/surefire-test-report.xsd" version="3.0.2" name="io.mars.lite.api.order.OrderServiceIntegrationTest" time="0.067" tests="4" errors="0" skipped="0" failures="0">
  <properties>
[...]
</properties>
  <testcase name="shouldFindOrderById" classname="io.mars.lite.api.order.OrderServiceIntegrationTest" time="0.029">
    <system-out><![CDATA[2026-02-22T03:54:14.867Z  INFO 72634 --- [mars-enterprise-kit-lite] [           main] t.c.s.AnnotationConfigContextLoaderUtils : Could not detect default configuration classes for test class [io.mars.lite.api.order.OrderServiceIntegrationTest]: OrderServiceIntegrationTest does not declare any static, non-private, non-final, nested classes annotated with @Configuration.
2026-02-22T03:54:14.868Z  INFO 72634 --- [mars-enterprise-kit-lite] [           main] .b.t.c.SpringBootTestContextBootstrapper : Found @SpringBootConfiguration io.mars.lite.Application for test class io.mars.lite.api.order.OrderServiceIntegrationTest
]]></system-out>
  </testcase>
  <testcase name="shouldCreateOrderAndPersistInDatabase" classname="io.mars.lite.api.order.OrderServiceIntegrationTest" time="0.011"/>
  <testcase name="shouldThrowWhenCancellingNonExistentOrder" classname="io.mars.lite.api.order.OrderServiceIntegrationTest" time="0.008"/>
  <testcase name="shouldCancelExistingOrder" classname="io.mars.lite.api.order.OrderServiceIntegrationTest" time="0.014"/>
</testsuite>