<?xml version="1.0" encoding="UTF-8"?>
<testsuite xmlns:xsi="http://www.w3.org/2001/XMLSchema-instance" xsi:noNamespaceSchemaLocation="https://maven.apache.org/surefire/maven-surefire-plugin/xsd/surefire-test-report.xsd" version="3.0.2" name="io.mars.lite.order.OrderRepositoryImplIntegrationTest" time="3.616" tests="4" errors="0" skipped="0" failures="0">
  <properties>
[...]
</properties>
  <testcase name="shouldSaveOrderAndFindById" classname="io.mars.lite.order.OrderRepositoryImplIntegrationTest" time="0.339">
    <system-out><![CDATA[03:54:06.307 [main] INFO org.springframework.test.context.support.AnnotationConfigContextLoaderUtils -- Could not detect default configuration classes for test class [io.mars.lite.order.OrderRepositoryImplIntegrationTest]: OrderRepositoryImplIntegrationTest does not declare any static, non-private, non-final, nested classes annotated with @Configuration.
03:54:06.346 [main] INFO org.springframework.boot.test.context.SpringBootTestContextBootstrapper -- Found @SpringBootConfiguration io.mars.lite.TestApplication for test class io.mars.lite.order.OrderRepositoryImplIntegrationTest
03:54:06.386 [main] INFO org.testcontainers.images.PullPolicy -- Image pull policy will be performed by: DefaultPullPolicy()
03:54:06.387 [main] INFO org.testcontainers.utility.ImageNameSubstitutor -- Image name substitution will be performed by: DefaultImageNameSubstitutor (composite of 'ConfigurationFileImageNameSubstitutor' and 'PrefixingImageNameSubstitutor')
03:54:06.394 [main] INFO org.testcontainers.DockerClientFactory -- Testcontainers version: 2.0.3
03:54:06.649 [main] INFO org.testcontainers.dockerclient.DockerClientProviderStrategy -- Found Docker environment with Environment variables, system properties and defaults. Resolved dockerHost=unix:///var/run/docker.sock
03:54:06.650 [main] INFO org.testcontainers.DockerClientFactory -- Docker host IP address is localhost
03:54:06.658 [main] INFO org.testcontainers.DockerClientFactory -- Connected to docker: 
  Server Version: 29.2.1
  API Version: 1.53
  Operating System: Docker Desktop
  Total Memory: 7836 MB
  Labels: 
    com.docker.desktop.address=unix:///Users/mac/Library/Containers/com.docker.docker/Data/docker-cli.sock
03:54:06.788 [main] INFO tc.testcontainers/ryuk:0.13.0 -- Creating container for image: testcontainers/ryuk:0.13.0
03:54:06.965 [main] INFO tc.testcontainers/ryuk:0.13.0 -- Container testcontainers/ryuk:0.13.0 is starting: 438aa8f48be9f220e11d2dfce44eb9a8bf9083a23584c946c5fc336e13f76784
03:54:07.124 [main] INFO tc.testcontainers/ryuk:0.13.0 -- Container testcontainers/ryuk:0.13.0 started in PT0.335155S
03:54:07.126 [main] INFO org.testcontainers.utility.RyukResourceReaper -- Ryuk started - will monitor and terminate Testcontainers containers on JVM exit
03:54:07.126 [main] INFO org.testcontainers.DockerClientFactory -- Checking the system...
03:54:07.127 [main] INFO org.testcontainers.DockerClientFactory -- ✔︎ Docker server version should be at least 1.6.0
03:54:07.127 [main] INFO tc.postgres:16-alpine -- Creating container for image: postgres:16-alpine
03:54:07.152 [main] INFO tc.postgres:16-alpine -- Container postgres:16-alpine is starting: 77c53b7a44dcae0973ebbe68179c16ddff9d6f38eecc64be09f3935d769dae35
03:54:07.875 [main] INFO tc.postgres:16-alpine -- Container postgres:16-alpine started in PT0.74798S
03:54:07.876 [main] INFO tc.postgres:16-alpine -- Container is started (JDBC URL: jdbc:postgresql://localhost:53815/orders_db?loggerLevel=OFF)

  .   ____          _            __ _ _
 /\\ / ___'_ __ _ _(_)_ __  __ _ \ \ \ \
( ( )\___ | '_ | '_| | '_ \/ _` | \ \ \ \
 \\/  ___)| |_)| | | | | || (_| |  ) ) ) )
  '  |____| .__|_| |_|_| |_\__, | / / / /
 =========|_|==============|___/=/_/_/_/

 :: Spring Boot ::                (v4.0.3)

2026-02-22T03:54:07.985Z  INFO 72586 --- [           main] m.l.o.OrderRepositoryImplIntegrationTest : Starting OrderRepositoryImplIntegrationTest using Java 25.0.1 with PID 72586 (started by mac in /Users/mac/Projects/mars-enterprise-kit-lite/data-provider)
2026-02-22T03:54:07.985Z  INFO 72586 --- [           main] m.l.o.OrderRepositoryImplIntegrationTest : No active profile set, falling back to 1 default profile: "default"
2026-02-22T03:54:08.187Z  INFO 72586 --- [           main] .s.d.r.c.RepositoryConfigurationDelegate : Bootstrapping Spring Data JPA repositories in DEFAULT mode.
2026-02-22T03:54:08.204Z  INFO 72586 --- [           main] .s.d.r.c.RepositoryConfigurationDelegate : Finished Spring Data repository scanning in 13 ms. Found 1 JPA repository interface.
2026-02-22T03:54:08.442Z  INFO 72586 --- [           main] com.zaxxer.hikari.HikariDataSource       : HikariPool-1 - Starting...
2026-02-22T03:54:08.514Z  INFO 72586 --- [           main] com.zaxxer.hikari.pool.HikariPool        : HikariPool-1 - Added connection org.postgresql.jdbc.PgConnection@204c5ddf
2026-02-22T03:54:08.515Z  INFO 72586 --- [           main] com.zaxxer.hikari.HikariDataSource       : HikariPool-1 - Start completed.
2026-02-22T03:54:08.525Z  INFO 72586 --- [           main] org.flywaydb.core.FlywayExecutor         : Database: jdbc:postgresql://localhost:53815/orders_db?loggerLevel=OFF (PostgreSQL 16.11)
2026-02-22T03:54:08.547Z  INFO 72586 --- [           main] o.f.c.i.s.JdbcTableSchemaHistory         : Schema history table "public"."flyway_schema_history" does not exist yet
2026-02-22T03:54:08.549Z  INFO 72586 --- [           main] o.f.core.internal.command.DbValidate     : Successfully validated 1 migration (execution time 00:00.007s)
2026-02-22T03:54:08.558Z  INFO 72586 --- [           main] o.f.c.i.s.JdbcTableSchemaHistory         : Creating Schema History table "public"."flyway_schema_history" ...
2026-02-22T03:54:08.588Z  INFO 72586 --- [           main] o.f.core.internal.command.DbMigrate      : Current version of schema "public": << Empty Schema >>
2026-02-22T03:54:08.592Z  INFO 72586 --- [           main] o.f.core.internal.command.DbMigrate      : Migrating schema "public" to version "1 - create orders table"
2026-02-22T03:54:08.604Z  INFO 72586 --- [           main] o.f.core.internal.command.DbMigrate      : Successfully applied 1 migration to schema "public", now at version v1 (execution time 00:00.005s)
2026-02-22T03:54:08.644Z  INFO 72586 --- [           main] org.hibernate.orm.jpa                    : HHH008540: Processing PersistenceUnitInfo [name: default]
2026-02-22T03:54:08.668Z  INFO 72586 --- [           main] org.hibernate.orm.core                   : HHH000001: Hibernate ORM core version 7.2.4.Final
2026-02-22T03:54:08.807Z  INFO 72586 --- [           main] o.s.o.j.p.SpringPersistenceUnitInfo      : No LoadTimeWeaver setup: ignoring JPA class transformer
2026-02-22T03:54:08.845Z  INFO 72586 --- [           main] org.hibernate.orm.connections.pooling    : HHH10001005: Database info:
	Database JDBC URL [jdbc:postgresql://localhost:53815/orders_db?loggerLevel=OFF]
	Database driver: PostgreSQL JDBC Driver
	Database dialect: PostgreSQLDialect
	Database version: 16.11
	Default catalog/schema: orders_db/public
	Autocommit mode: undefined/unknown
	Isolation level: READ_COMMITTED [default READ_COMMITTED]
	JDBC fetch size: none
	Pool: DataSourceConnectionProvider
	Minimum pool size: undefined/unknown
	Maximum pool size: undefined/unknown
2026-02-22T03:54:09.153Z  INFO 72586 --- [           main] org.hibernate.orm.core                   : HHH000489: No JTA platform available (set 'hibernate.transaction.jta.platform' to enable JTA platform integration)
2026-02-22T03:54:09.169Z  INFO 72586 --- [           main] j.LocalContainerEntityManagerFactoryBean : Initialized JPA EntityManagerFactory for persistence unit 'default'
2026-02-22T03:54:09.197Z  INFO 72586 --- [           main] o.s.d.j.r.query.QueryEnhancerFactories   : Hibernate is in classpath; If applicable, HQL parser will be used.
2026-02-22T03:54:09.267Z  INFO 72586 --- [           main] m.l.o.OrderRepositoryImplIntegrationTest : Started OrderRepositoryImplIntegrationTest in 1.362 seconds (process running for 3.271)
]]></system-out>
    <system-err><![CDATA[Mockito is currently self-attaching to enable the inline-mock-maker. This will no longer work in future releases of the JDK. Please add Mockito as an agent to your build as described in Mockito's documentation: https://javadoc.io/doc/org.mockito/mockito-core/latest/org.mockito/org/mockito/Mockito.html#0.3
WARNING: A Java agent has been loaded dynamically (/Users/mac/.m2/repository/net/bytebuddy/byte-buddy-agent/1.17.8/byte-buddy-agent-1.17.8.jar)
WARNING: If a serviceability tool is in use, please run with -XX:+EnableDynamicAgentLoading to hide this warning
WARNING: If a serviceability tool is not in use, please run with -Djdk.instrument.traceUsage for more information
WARNING: Dynamic loading of agents will be disallowed by default in a future release
]]></system-err>
  </testcase>
  <testcase name="shouldUpdateOrderStatus" classname="io.mars.lite.order.OrderRepositoryImplIntegrationTest" time="0.023"/>
  <testcase name="shouldPersistAuditTimestamps" classname="io.mars.lite.order.OrderRepositoryImplIntegrationTest" time="0.009"/>
  <testcase name="shouldReturnEmptyWhenOrderNotFound" classname="io.mars.lite.order.OrderRepositoryImplIntegrationTest" time="0.006"/>
</testsuite>